<?xml version="1.0" encoding="UTF-8"?>
<!-- Generated by org.testng.reporters.JUnitXMLReporter -->
<testsuite ignored="0" hostname="LAPTOP-GD7TTGGH" failures="1" tests="3" name="Error Validation Test" time="24.358" errors="0" timestamp="2025-02-25T21:12:38 IST">
  <testcase classname="Insighter.Test.ErrorValidationTest" name="loginValidation" time="3.973">
    <skipped/>
  </testcase> <!-- loginValidation -->
  <testcase classname="Insighter.Test.ErrorValidationTest" name="loginValidation" time="0.837">
    <failure type="java.lang.AssertionError" message="expected [Incorrect email or password.] but found [Incorrect or password.]">
      <![CDATA[java.lang.AssertionError: expected [Incorrect email or password.] but found [Incorrect or password.]
at Insighter.Test.ErrorValidationTest.loginValidation(ErrorValidationTest.java:18)
at java.base/java.util.ArrayList.forEach(ArrayList.java:1596)
at java.base/java.util.concurrent.FutureTask.run(FutureTask.java:317)
at java.base/java.util.concurrent.ThreadPoolExecutor.runWorker(ThreadPoolExecutor.java:1144)
at java.base/java.util.concurrent.ThreadPoolExecutor$Worker.run(ThreadPoolExecutor.java:642)
at java.base/java.lang.Thread.run(Thread.java:1583)
... Removed 22 stack frames]]>
    </failure>
  </testcase> <!-- loginValidation -->
  <testcase classname="Insighter.Test.ErrorValidationTest" name="productValidation" time="2.891"/>
</testsuite> <!-- Error Validation Test -->
