<?xml version="1.0" encoding="UTF-8"?>
<!-- Generated by org.testng.reporters.JUnitXMLReporter -->
<testsuite ignored="0" hostname="LAPTOP-GD7TTGGH" failures="0" tests="3" name="Submit Order Test" time="29.509" errors="0" timestamp="2025-02-25T21:12:43 IST">
  <testcase classname="Insighter.Test.SubmitOrderTest" name="submitOrder" time="4.798"/>
  <testcase classname="Insighter.Test.SubmitOrderTest" name="submitOrder" time="4.214"/>
  <testcase classname="Insighter.Test.SubmitOrderTest" name="ordersHistory" time="0.966"/>
</testsuite> <!-- Submit Order Test -->
