<?xml version="1.0" encoding="UTF-8"?>
<!-- Generated by org.testng.reporters.JUnitXMLReporter -->
<testsuite ignored="2" hostname="LAPTOP-GD7TTGGH" failures="0" tests="0" time="0.013" errors="0" timestamp="2025-02-26T14:22:46 IST">
  <testcase classname="Insighter.Test.ErrorValidationTest" name="productValidation" time="0.0">
    <ignored/>
  </testcase> <!-- productValidation -->
  <testcase classname="Insighter.Test.ErrorValidationTest" name="loginValidation" time="0.0">
    <ignored/>
  </testcase> <!-- loginValidation -->
</testsuite>
