<?xml version="1.0" encoding="UTF-8"?>
<!-- Generated by org.testng.reporters.JUnitXMLReporter -->
<testsuite ignored="1" hostname="LAPTOP-GD7TTGGH" failures="0" tests="2" name="Submit Order Test" time="24.165" errors="0" timestamp="2025-02-26T14:23:10 IST">
  <testcase classname="Insighter.Test.SubmitOrderTest" name="submitOrder" time="4.257"/>
  <testcase classname="Insighter.Test.SubmitOrderTest" name="submitOrder" time="5.154"/>
  <testcase classname="Insighter.Test.SubmitOrderTest" name="ordersHistory" time="0.0">
    <ignored/>
  </testcase> <!-- ordersHistory -->
</testsuite> <!-- Submit Order Test -->
